<?xml version="1.0" encoding="UTF-8" ?>
<testsuite tests="7" failures="0" name="junit.AgarioServerTest" time="0.125" errors="0" skipped="0">
  <properties>
[...]
</properties>
  <testcase classname="junit.AgarioServerTest" name="listarParticulas_ListaNull" time="0"/>
  <testcase classname="junit.AgarioServerTest" name="aumentarArea_ParticulaNull" time="0.109"/>
  <testcase classname="junit.AgarioServerTest" name="aumentarArea" time="0.016"/>
  <testcase classname="junit.AgarioServerTest" name="listarParticulas" time="0"/>
  <testcase classname="junit.AgarioServerTest" name="listarParticulas_ListaVacia" time="0"/>
  <testcase classname="junit.AgarioServerTest" name="aumentarArea_LogicaContrincanteNull" time="0"/>
  <testcase classname="junit.AgarioServerTest" name="aumentarArea_EscenarioNull" time="0"/>
</testsuite>